  SORT_PROJECT.cpp
D:\NGOC\SORT_PROJECT\SORT_PROJECT\SORT_PROJECT\Header.h(10,23): warning C4244: 'initializing': conversion from 'double' to 'int', possible loss of data
D:\NGOC\SORT_PROJECT\SORT_PROJECT\SORT_PROJECT\SystemBaseCode.h(94,12): warning C4244: 'argument': conversion from 'time_t' to 'unsigned int', possible loss of data
D:\NGOC\SORT_PROJECT\SORT_PROJECT\SORT_PROJECT\SystemBaseCode.h(95,13): warning C4101: 'algorithm': unreferenced local variable
C:\Program Files\Microsoft Visual Studio\2022\Community\VC\Tools\MSVC\14.40.33807\include\utility(276,16): warning C4244: 'initializing': conversion from '_Ty' to '_Ty1', possible loss of data
C:\Program Files\Microsoft Visual Studio\2022\Community\VC\Tools\MSVC\14.40.33807\include\utility(276,16): warning C4244:         with
C:\Program Files\Microsoft Visual Studio\2022\Community\VC\Tools\MSVC\14.40.33807\include\utility(276,16): warning C4244:         [
C:\Program Files\Microsoft Visual Studio\2022\Community\VC\Tools\MSVC\14.40.33807\include\utility(276,16): warning C4244:             _Ty=__int64
C:\Program Files\Microsoft Visual Studio\2022\Community\VC\Tools\MSVC\14.40.33807\include\utility(276,16): warning C4244:         ]
C:\Program Files\Microsoft Visual Studio\2022\Community\VC\Tools\MSVC\14.40.33807\include\utility(276,16): warning C4244:         and
C:\Program Files\Microsoft Visual Studio\2022\Community\VC\Tools\MSVC\14.40.33807\include\utility(276,16): warning C4244:         [
C:\Program Files\Microsoft Visual Studio\2022\Community\VC\Tools\MSVC\14.40.33807\include\utility(276,16): warning C4244:             _Ty1=int
C:\Program Files\Microsoft Visual Studio\2022\Community\VC\Tools\MSVC\14.40.33807\include\utility(276,16): warning C4244:         ]
C:\Program Files\Microsoft Visual Studio\2022\Community\VC\Tools\MSVC\14.40.33807\include\utility(276,61): warning C4244: 'initializing': conversion from '_Ty' to '_Ty2', possible loss of data
C:\Program Files\Microsoft Visual Studio\2022\Community\VC\Tools\MSVC\14.40.33807\include\utility(276,61): warning C4244:         with
C:\Program Files\Microsoft Visual Studio\2022\Community\VC\Tools\MSVC\14.40.33807\include\utility(276,61): warning C4244:         [
C:\Program Files\Microsoft Visual Studio\2022\Community\VC\Tools\MSVC\14.40.33807\include\utility(276,61): warning C4244:             _Ty=__int64
C:\Program Files\Microsoft Visual Studio\2022\Community\VC\Tools\MSVC\14.40.33807\include\utility(276,61): warning C4244:         ]
C:\Program Files\Microsoft Visual Studio\2022\Community\VC\Tools\MSVC\14.40.33807\include\utility(276,61): warning C4244:         and
C:\Program Files\Microsoft Visual Studio\2022\Community\VC\Tools\MSVC\14.40.33807\include\utility(276,61): warning C4244:         [
C:\Program Files\Microsoft Visual Studio\2022\Community\VC\Tools\MSVC\14.40.33807\include\utility(276,61): warning C4244:             _Ty2=int
C:\Program Files\Microsoft Visual Studio\2022\Community\VC\Tools\MSVC\14.40.33807\include\utility(276,61): warning C4244:         ]
  Generating code
  4 of 226 functions ( 1.8%) were compiled, the rest were copied from previous compilation.
    3 functions were new in current compilation
    3 functions had inline decision re-evaluated but remain unchanged
  Finished generating code
  SORT_PROJECT.vcxproj -> D:\NGOC\SORT_PROJECT\SORT_PROJECT\x64\Release\SORT_PROJECT.exe
